==146230== Memcheck, a memory error detector
==146230== Copyright (C) 2002-2017, and GNU GPL'd, by Julian Seward et al.
==146230== Using Valgrind-3.18.1 and LibVEX; rerun with -h for copyright info
==146230== Command: ./minishell
==146230== Parent PID: 141407
==146230== 
==146230== 
==146230== FILE DESCRIPTORS: 4 open (3 std) at exit.
==146230== Open file descriptor 3: /home/luialvar/Desktop/minishell_mixed/minishell_joined/valgrind.log
==146230==    <inherited from parent>
==146230== 
==146230== 
==146230== HEAP SUMMARY:
==146230==     in use at exit: 208,277 bytes in 222 blocks
==146230==   total heap usage: 919 allocs, 697 frees, 263,112 bytes allocated
==146230== 
==146230== LEAK SUMMARY:
==146230==    definitely lost: 0 bytes in 0 blocks
==146230==    indirectly lost: 0 bytes in 0 blocks
==146230==      possibly lost: 0 bytes in 0 blocks
==146230==    still reachable: 0 bytes in 0 blocks
==146230==         suppressed: 208,277 bytes in 222 blocks
==146230== 
==146230== For lists of detected and suppressed errors, rerun with: -s
==146230== ERROR SUMMARY: 0 errors from 0 contexts (suppressed: 0 from 0)
